# JRE version: OpenJDK Runtime Environment (17.0.9+9) (build 17.0.9+9-Ubuntu-123.04)
# Java VM: OpenJDK 64-Bit Server VM (17.0.9+9-Ubuntu-123.04, mixed mode, sharing, tiered, compressed class ptrs, z gc, linux-amd64)
GC Precious Log:
 NUMA Support: Disabled
 CPUs: 16 total, 12 available
 Memory: 15401M
 Large Page Support: Disabled
 GC Workers: 3 (dynamic)
 Address Space Type: Contiguous/Unrestricted/Complete
 Address Space Size: 32768M x 3 = 98304M
 Heap Backing File: /memfd:java_heap
 Heap Backing Filesystem: tmpfs (0x1021994)
 Min Capacity: 100M
 Initial Capacity: 100M
 Max Capacity: 2048M
 Medium Page Size: 32M
 Pre-touch: Disabled
 Available space on backing filesystem: N/A
 Uncommit: Enabled
 Uncommit Delay: 30s
 Runtime Workers: 8
Heap:
 ZHeap           used 254M, capacity 1820M, max capacity 2048M
 Metaspace       used 141814K, committed 142720K, reserved 1179648K
  class space    used 18381K, committed 18816K, reserved 1048576K
GC Heap History (20 events):
Event: 32,959 GC heap before
{Heap before GC invocations=9 (full 9):
 ZHeap           used 184M, capacity 718M, max capacity 2048M
 Metaspace       used 95198K, committed 96000K, reserved 1179648K
  class space    used 12115K, committed 12480K, reserved 1048576K
}
Event: 32,986 GC heap after
{Heap after GC invocations=10 (full 10):
 ZHeap           used 80M, capacity 718M, max capacity 2048M
 Metaspace       used 95198K, committed 96000K, reserved 1179648K
  class space    used 12115K, committed 12480K, reserved 1048576K
}
Event: 38,059 GC heap before
{Heap before GC invocations=10 (full 10):
 ZHeap           used 92M, capacity 718M, max capacity 2048M
 Metaspace       used 95221K, committed 96000K, reserved 1179648K
  class space    used 12116K, committed 12480K, reserved 1048576K
}
Event: 38,086 GC heap after
{Heap after GC invocations=11 (full 11):
 ZHeap           used 78M, capacity 590M, max capacity 2048M
 Metaspace       used 95221K, committed 96000K, reserved 1179648K
  class space    used 12116K, committed 12480K, reserved 1048576K
}
Event: 39,559 GC heap before
{Heap before GC invocations=11 (full 11):
 ZHeap           used 630M, capacity 630M, max capacity 2048M
 Metaspace       used 102111K, committed 102848K, reserved 1179648K
  class space    used 13219K, committed 13568K, reserved 1048576K
}
Event: 39,657 GC heap after
{Heap after GC invocations=12 (full 12):
 ZHeap           used 152M, capacity 688M, max capacity 2048M
 Metaspace       used 102111K, committed 102848K, reserved 1179648K
  class space    used 13219K, committed 13568K, reserved 1048576K
}
Event: 42,259 GC heap before
{Heap before GC invocations=12 (full 12):
 ZHeap           used 1676M, capacity 1676M, max capacity 2048M
 Metaspace       used 106458K, committed 107328K, reserved 1179648K
  class space    used 13691K, committed 14144K, reserved 1048576K
}
Event: 42,486 GC heap after
{Heap after GC invocations=13 (full 13):
 ZHeap           used 228M, capacity 1788M, max capacity 2048M
 Metaspace       used 107464K, committed 108288K, reserved 1179648K
  class space    used 13800K, committed 14208K, reserved 1048576K
}
Event: 43,259 GC heap before
{Heap before GC invocations=13 (full 13):
 ZHeap           used 1210M, capacity 1788M, max capacity 2048M
 Metaspace       used 107793K, committed 108608K, reserved 1179648K
  class space    used 13806K, committed 14208K, reserved 1048576K
}
Event: 43,411 GC heap after
{Heap after GC invocations=14 (full 14):
 ZHeap           used 252M, capacity 1788M, max capacity 2048M
 Metaspace       used 107809K, committed 108608K, reserved 1179648K
  class space    used 13806K, committed 14208K, reserved 1048576K
}
Event: 43,659 GC heap before
{Heap before GC invocations=14 (full 14):
 ZHeap           used 834M, capacity 1788M, max capacity 2048M
 Metaspace       used 107820K, committed 108672K, reserved 1179648K
  class space    used 13806K, committed 14208K, reserved 1048576K
}
Event: 43,819 GC heap after
{Heap after GC invocations=15 (full 15):
 ZHeap           used 456M, capacity 1820M, max capacity 2048M
 Metaspace       used 107820K, committed 108672K, reserved 1179648K
  class space    used 13806K, committed 14208K, reserved 1048576K
}
Event: 44,159 GC heap before
{Heap before GC invocations=15 (full 15):
 ZHeap           used 1028M, capacity 1820M, max capacity 2048M
 Metaspace       used 107883K, committed 108736K, reserved 1179648K
  class space    used 13806K, committed 14208K, reserved 1048576K
}
Event: 44,302 GC heap after
{Heap after GC invocations=16 (full 16):
 ZHeap           used 328M, capacity 1820M, max capacity 2048M
 Metaspace       used 107890K, committed 108736K, reserved 1179648K
  class space    used 13806K, committed 14208K, reserved 1048576K
}
Event: 44,759 GC heap before
{Heap before GC invocations=16 (full 16):
 ZHeap           used 1384M, capacity 1820M, max capacity 2048M
 Metaspace       used 107938K, committed 108800K, reserved 1179648K
  class space    used 13809K, committed 14208K, reserved 1048576K
}
Event: 44,918 GC heap after
{Heap after GC invocations=17 (full 17):
 ZHeap           used 394M, capacity 1820M, max capacity 2048M
 Metaspace       used 107940K, committed 108800K, reserved 1179648K
  class space    used 13809K, committed 14208K, reserved 1048576K
}
Event: 45,158 GC heap before
{Heap before GC invocations=17 (full 17):
 ZHeap           used 1208M, capacity 1820M, max capacity 2048M
 Metaspace       used 107968K, committed 108800K, reserved 1179648K
  class space    used 13809K, committed 14208K, reserved 1048576K
}
Event: 45,280 GC heap after
{Heap after GC invocations=18 (full 18):
 ZHeap           used 318M, capacity 1820M, max capacity 2048M
 Metaspace       used 108409K, committed 109248K, reserved 1179648K
  class space    used 13911K, committed 14336K, reserved 1048576K
}
Event: 50,358 GC heap before
{Heap before GC invocations=18 (full 18):
 ZHeap           used 534M, capacity 1820M, max capacity 2048M
 Metaspace       used 133251K, committed 134208K, reserved 1179648K
  class space    used 17393K, committed 17856K, reserved 1048576K
}
Event: 50,494 GC heap after
{Heap after GC invocations=19 (full 19):
 ZHeap           used 206M, capacity 1820M, max capacity 2048M
 Metaspace       used 134317K, committed 135232K, reserved 1179648K
  class space    used 17506K, committed 17920K, reserved 1048576K
}

